2017-06-03 16:28:50  [ main:0 ] - [ DEBUG ]  SpringJUnit4ClassRunner constructor called with [class main.Main].
2017-06-03 16:28:50  [ main:38 ] - [ DEBUG ]  Delegating to GenericXmlContextLoader to process context configuration [ContextConfigurationAttributes@1ef7fe8e declaringClass = 'main.Main', classes = '{}', locations = '{classpath:client.xml}', inheritLocations = true, initializers = '{}', inheritInitializers = true, name = [null], contextLoaderClass = 'org.springframework.test.context.ContextLoader'].
2017-06-03 16:28:50  [ main:40 ] - [ DEBUG ]  Could not find an 'annotation declaring class' for annotation type [org.springframework.test.context.ActiveProfiles] and class [main.Main]
2017-06-03 16:28:50  [ main:41 ] - [ DEBUG ]  @TestExecutionListeners is not present for class [main.Main]: using defaults.
2017-06-03 16:28:50  [ main:44 ] - [ INFO ]  Could not instantiate TestExecutionListener [org.springframework.test.context.web.ServletTestExecutionListener]. Specify custom listener classes or make the default listener classes (and their required dependencies) available. Offending class: [javax/servlet/ServletContext]
2017-06-03 16:28:50  [ main:45 ] - [ INFO ]  Could not instantiate TestExecutionListener [org.springframework.test.context.transaction.TransactionalTestExecutionListener]. Specify custom listener classes or make the default listener classes (and their required dependencies) available. Offending class: [org/springframework/transaction/interceptor/TransactionAttribute]
2017-06-03 16:28:50  [ main:47 ] - [ DEBUG ]  Retrieved @ProfileValueSourceConfiguration [null] for test class [main.Main]
2017-06-03 16:28:50  [ main:47 ] - [ DEBUG ]  Retrieved ProfileValueSource type [class org.springframework.test.annotation.SystemProfileValueSource] for class [main.Main]
2017-06-03 16:28:50  [ main:57 ] - [ DEBUG ]  Retrieved @ProfileValueSourceConfiguration [null] for test class [main.Main]
2017-06-03 16:28:50  [ main:57 ] - [ DEBUG ]  Retrieved ProfileValueSource type [class org.springframework.test.annotation.SystemProfileValueSource] for class [main.Main]
2017-06-03 16:28:50  [ main:58 ] - [ DEBUG ]  Retrieved @ProfileValueSourceConfiguration [null] for test class [main.Main]
2017-06-03 16:28:50  [ main:58 ] - [ DEBUG ]  Retrieved ProfileValueSource type [class org.springframework.test.annotation.SystemProfileValueSource] for class [main.Main]
2017-06-03 16:28:50  [ main:59 ] - [ DEBUG ]  Retrieved @ProfileValueSourceConfiguration [null] for test class [main.Main]
2017-06-03 16:28:50  [ main:59 ] - [ DEBUG ]  Retrieved ProfileValueSource type [class org.springframework.test.annotation.SystemProfileValueSource] for class [main.Main]
2017-06-03 16:28:50  [ main:60 ] - [ DEBUG ]  Retrieved @ProfileValueSourceConfiguration [null] for test class [main.Main]
2017-06-03 16:28:50  [ main:60 ] - [ DEBUG ]  Retrieved ProfileValueSource type [class org.springframework.test.annotation.SystemProfileValueSource] for class [main.Main]
2017-06-03 16:28:50  [ main:62 ] - [ DEBUG ]  Performing dependency injection for test context [[TestContext@22f71333 testClass = Main, testInstance = main.Main@6cd8737, testMethod = [null], testException = [null], mergedContextConfiguration = [MergedContextConfiguration@13969fbe testClass = Main, locations = '{classpath:client.xml}', classes = '{}', contextInitializerClasses = '[]', activeProfiles = '{}', contextLoader = 'org.springframework.test.context.support.DelegatingSmartContextLoader', parent = [null]]]].
2017-06-03 16:28:50  [ main:62 ] - [ DEBUG ]  Delegating to GenericXmlContextLoader to load context from [MergedContextConfiguration@13969fbe testClass = Main, locations = '{classpath:client.xml}', classes = '{}', contextInitializerClasses = '[]', activeProfiles = '{}', contextLoader = 'org.springframework.test.context.support.DelegatingSmartContextLoader', parent = [null]].
2017-06-03 16:28:50  [ main:62 ] - [ DEBUG ]  Loading ApplicationContext for merged context configuration [[MergedContextConfiguration@13969fbe testClass = Main, locations = '{classpath:client.xml}', classes = '{}', contextInitializerClasses = '[]', activeProfiles = '{}', contextLoader = 'org.springframework.test.context.support.DelegatingSmartContextLoader', parent = [null]]].
2017-06-03 16:28:50  [ main:123 ] - [ DEBUG ]  Adding [systemProperties] PropertySource with lowest search precedence
2017-06-03 16:28:50  [ main:124 ] - [ DEBUG ]  Adding [systemEnvironment] PropertySource with lowest search precedence
2017-06-03 16:28:50  [ main:124 ] - [ DEBUG ]  Initialized StandardEnvironment with PropertySources [systemProperties,systemEnvironment]
2017-06-03 16:28:50  [ main:133 ] - [ INFO ]  Loading XML bean definitions from class path resource [client.xml]
2017-06-03 16:28:50  [ main:149 ] - [ DEBUG ]  Using JAXP provider [com.sun.org.apache.xerces.internal.jaxp.DocumentBuilderFactoryImpl]
2017-06-03 16:28:50  [ main:178 ] - [ DEBUG ]  Loading schema mappings from [META-INF/spring.schemas]
2017-06-03 16:28:50  [ main:180 ] - [ DEBUG ]  Loaded schema mappings: {http://www.springframework.org/schema/util/spring-util.xsd=org/springframework/beans/factory/xml/spring-util-3.2.xsd, http://www.springframework.org/schema/jee/spring-jee-3.2.xsd=org/springframework/ejb/config/spring-jee-3.2.xsd, http://www.springframework.org/schema/beans/spring-beans-3.1.xsd=org/springframework/beans/factory/xml/spring-beans-3.1.xsd, http://www.springframework.org/schema/task/spring-task.xsd=org/springframework/scheduling/config/spring-task-3.2.xsd, http://www.springframework.org/schema/cache/spring-cache.xsd=org/springframework/cache/config/spring-cache-3.2.xsd, http://www.springframework.org/schema/aop/spring-aop-3.0.xsd=org/springframework/aop/config/spring-aop-3.0.xsd, http://www.springframework.org/schema/task/spring-task-3.1.xsd=org/springframework/scheduling/config/spring-task-3.1.xsd, http://www.springframework.org/schema/aop/spring-aop-2.0.xsd=org/springframework/aop/config/spring-aop-2.0.xsd, http://www.springframework.org/schema/tool/spring-tool-2.5.xsd=org/springframework/beans/factory/xml/spring-tool-2.5.xsd, http://www.springframework.org/schema/beans/spring-beans.xsd=org/springframework/beans/factory/xml/spring-beans-3.2.xsd, http://www.springframework.org/schema/jee/spring-jee-2.5.xsd=org/springframework/ejb/config/spring-jee-2.5.xsd, http://www.springframework.org/schema/tool/spring-tool-3.1.xsd=org/springframework/beans/factory/xml/spring-tool-3.1.xsd, http://www.springframework.org/schema/jee/spring-jee-3.1.xsd=org/springframework/ejb/config/spring-jee-3.1.xsd, http://www.springframework.org/schema/aop/spring-aop.xsd=org/springframework/aop/config/spring-aop-3.2.xsd, http://www.springframework.org/schema/context/spring-context-3.2.xsd=org/springframework/context/config/spring-context-3.2.xsd, http://www.springframework.org/schema/util/spring-util-3.2.xsd=org/springframework/beans/factory/xml/spring-util-3.2.xsd, http://www.springframework.org/schema/beans/spring-beans-2.0.xsd=org/springframework/beans/factory/xml/spring-beans-2.0.xsd, http://www.springframework.org/schema/lang/spring-lang-3.2.xsd=org/springframework/scripting/config/spring-lang-3.2.xsd, http://www.springframework.org/schema/beans/spring-beans-3.0.xsd=org/springframework/beans/factory/xml/spring-beans-3.0.xsd, http://www.springframework.org/schema/cache/spring-cache-3.2.xsd=org/springframework/cache/config/spring-cache-3.2.xsd, http://www.springframework.org/schema/task/spring-task-3.0.xsd=org/springframework/scheduling/config/spring-task-3.0.xsd, http://www.springframework.org/schema/context/spring-context-2.5.xsd=org/springframework/context/config/spring-context-2.5.xsd, http://www.springframework.org/schema/tool/spring-tool-3.0.xsd=org/springframework/beans/factory/xml/spring-tool-3.0.xsd, http://www.springframework.org/schema/util/spring-util-2.5.xsd=org/springframework/beans/factory/xml/spring-util-2.5.xsd, http://www.springframework.org/schema/tool/spring-tool-2.0.xsd=org/springframework/beans/factory/xml/spring-tool-2.0.xsd, http://www.springframework.org/schema/lang/spring-lang.xsd=org/springframework/scripting/config/spring-lang-3.2.xsd, http://www.springframework.org/schema/lang/spring-lang-2.5.xsd=org/springframework/scripting/config/spring-lang-2.5.xsd, http://www.springframework.org/schema/aop/spring-aop-3.2.xsd=org/springframework/aop/config/spring-aop-3.2.xsd, http://www.springframework.org/schema/jee/spring-jee-3.0.xsd=org/springframework/ejb/config/spring-jee-3.0.xsd, http://www.springframework.org/schema/jee/spring-jee-2.0.xsd=org/springframework/ejb/config/spring-jee-2.0.xsd, http://www.springframework.org/schema/context/spring-context-3.1.xsd=org/springframework/context/config/spring-context-3.1.xsd, http://www.springframework.org/schema/util/spring-util-3.1.xsd=org/springframework/beans/factory/xml/spring-util-3.1.xsd, http://www.springframework.org/schema/lang/spring-lang-3.1.xsd=org/springframework/scripting/config/spring-lang-3.1.xsd, http://www.springframework.org/schema/cache/spring-cache-3.1.xsd=org/springframework/cache/config/spring-cache-3.1.xsd, http://www.springframework.org/schema/context/spring-context.xsd=org/springframework/context/config/spring-context-3.2.xsd, http://www.springframework.org/schema/jee/spring-jee.xsd=org/springframework/ejb/config/spring-jee-3.2.xsd, http://www.springframework.org/schema/aop/spring-aop-2.5.xsd=org/springframework/aop/config/spring-aop-2.5.xsd, http://www.springframework.org/schema/beans/spring-beans-3.2.xsd=org/springframework/beans/factory/xml/spring-beans-3.2.xsd, http://www.springframework.org/schema/aop/spring-aop-3.1.xsd=org/springframework/aop/config/spring-aop-3.1.xsd, http://www.springframework.org/schema/task/spring-task-3.2.xsd=org/springframework/scheduling/config/spring-task-3.2.xsd, http://www.springframework.org/schema/context/spring-context-3.0.xsd=org/springframework/context/config/spring-context-3.0.xsd, http://www.springframework.org/schema/tool/spring-tool.xsd=org/springframework/beans/factory/xml/spring-tool-3.2.xsd, http://www.springframework.org/schema/util/spring-util-3.0.xsd=org/springframework/beans/factory/xml/spring-util-3.0.xsd, http://www.springframework.org/schema/util/spring-util-2.0.xsd=org/springframework/beans/factory/xml/spring-util-2.0.xsd, http://www.springframework.org/schema/lang/spring-lang-3.0.xsd=org/springframework/scripting/config/spring-lang-3.0.xsd, http://www.springframework.org/schema/lang/spring-lang-2.0.xsd=org/springframework/scripting/config/spring-lang-2.0.xsd, http://www.springframework.org/schema/tool/spring-tool-3.2.xsd=org/springframework/beans/factory/xml/spring-tool-3.2.xsd, http://www.springframework.org/schema/beans/spring-beans-2.5.xsd=org/springframework/beans/factory/xml/spring-beans-2.5.xsd}
2017-06-03 16:28:50  [ main:181 ] - [ DEBUG ]  Found XML schema [http://www.springframework.org/schema/beans/spring-beans-3.0.xsd] in classpath: org/springframework/beans/factory/xml/spring-beans-3.0.xsd
2017-06-03 16:28:50  [ main:215 ] - [ DEBUG ]  Found XML schema [http://www.springframework.org/schema/context/spring-context-3.0.xsd] in classpath: org/springframework/context/config/spring-context-3.0.xsd
2017-06-03 16:28:50  [ main:223 ] - [ DEBUG ]  Found XML schema [http://www.springframework.org/schema/tool/spring-tool-3.0.xsd] in classpath: org/springframework/beans/factory/xml/spring-tool-3.0.xsd
2017-06-03 16:28:50  [ main:232 ] - [ DEBUG ]  Loading bean definitions
2017-06-03 16:28:50  [ main:241 ] - [ DEBUG ]  Loaded NamespaceHandler mappings: {http://www.springframework.org/schema/p=org.springframework.beans.factory.xml.SimplePropertyNamespaceHandler, http://www.springframework.org/schema/util=org.springframework.beans.factory.xml.UtilNamespaceHandler, http://www.springframework.org/schema/jee=org.springframework.ejb.config.JeeNamespaceHandler, http://www.springframework.org/schema/aop=org.springframework.aop.config.AopNamespaceHandler, http://www.springframework.org/schema/cache=org.springframework.cache.config.CacheNamespaceHandler, http://www.springframework.org/schema/c=org.springframework.beans.factory.xml.SimpleConstructorNamespaceHandler, http://www.springframework.org/schema/task=org.springframework.scheduling.config.TaskNamespaceHandler, http://www.springframework.org/schema/lang=org.springframework.scripting.config.LangNamespaceHandler, http://www.springframework.org/schema/context=org.springframework.context.config.ContextNamespaceHandler}
2017-06-03 16:28:50  [ main:257 ] - [ DEBUG ]  Looking for matching resources in directory tree [/Users/liqqc/Documents/workspace_mobile/SimpleRpcClient/target/classes/client]
2017-06-03 16:28:50  [ main:257 ] - [ DEBUG ]  Searching directory [/Users/liqqc/Documents/workspace_mobile/SimpleRpcClient/target/classes/client] for files matching pattern [/Users/liqqc/Documents/workspace_mobile/SimpleRpcClient/target/classes/client/*/**/*.class]
2017-06-03 16:28:50  [ main:258 ] - [ DEBUG ]  Resolved location pattern [classpath*:client/*/**/*.class] to resources []
2017-06-03 16:28:50  [ main:268 ] - [ DEBUG ]  Looking for matching resources in directory tree [/Users/liqqc/Documents/workspace_mobile/SimpleRpcClient/target/classes/service]
2017-06-03 16:28:50  [ main:268 ] - [ DEBUG ]  Searching directory [/Users/liqqc/Documents/workspace_mobile/SimpleRpcClient/target/classes/service] for files matching pattern [/Users/liqqc/Documents/workspace_mobile/SimpleRpcClient/target/classes/service/*/**/*.class]
2017-06-03 16:28:50  [ main:268 ] - [ DEBUG ]  Searching directory [/Users/liqqc/Documents/workspace_mobile/SimpleRpcClient/target/classes/service/discover] for files matching pattern [/Users/liqqc/Documents/workspace_mobile/SimpleRpcClient/target/classes/service/*/**/*.class]
2017-06-03 16:28:50  [ main:269 ] - [ DEBUG ]  Searching directory [/Users/liqqc/Documents/workspace_mobile/SimpleRpcClient/target/classes/service/proxy] for files matching pattern [/Users/liqqc/Documents/workspace_mobile/SimpleRpcClient/target/classes/service/*/**/*.class]
2017-06-03 16:28:50  [ main:271 ] - [ DEBUG ]  Looking for matching resources in directory tree [/Users/liqqc/Documents/workspace_mobile/SimpleRpcLib/target/classes/service]
2017-06-03 16:28:50  [ main:273 ] - [ DEBUG ]  Searching directory [/Users/liqqc/Documents/workspace_mobile/SimpleRpcLib/target/classes/service] for files matching pattern [/Users/liqqc/Documents/workspace_mobile/SimpleRpcLib/target/classes/service/*/**/*.class]
2017-06-03 16:28:50  [ main:273 ] - [ DEBUG ]  Searching directory [/Users/liqqc/Documents/workspace_mobile/SimpleRpcLib/target/classes/service/demo] for files matching pattern [/Users/liqqc/Documents/workspace_mobile/SimpleRpcLib/target/classes/service/*/**/*.class]
2017-06-03 16:28:50  [ main:273 ] - [ DEBUG ]  Searching directory [/Users/liqqc/Documents/workspace_mobile/SimpleRpcLib/target/classes/service/user] for files matching pattern [/Users/liqqc/Documents/workspace_mobile/SimpleRpcLib/target/classes/service/*/**/*.class]
2017-06-03 16:28:50  [ main:274 ] - [ DEBUG ]  Resolved location pattern [classpath*:service/*/**/*.class] to resources [file [/Users/liqqc/Documents/workspace_mobile/SimpleRpcClient/target/classes/service/discover/RpcDiscovery$1.class], file [/Users/liqqc/Documents/workspace_mobile/SimpleRpcClient/target/classes/service/discover/RpcDiscovery$2.class], file [/Users/liqqc/Documents/workspace_mobile/SimpleRpcClient/target/classes/service/discover/RpcDiscovery.class], file [/Users/liqqc/Documents/workspace_mobile/SimpleRpcClient/target/classes/service/proxy/RpcProxy$1.class], file [/Users/liqqc/Documents/workspace_mobile/SimpleRpcClient/target/classes/service/proxy/RpcProxy.class], file [/Users/liqqc/Documents/workspace_mobile/SimpleRpcLib/target/classes/service/demo/DemoService.class], file [/Users/liqqc/Documents/workspace_mobile/SimpleRpcLib/target/classes/service/user/package-info.class], file [/Users/liqqc/Documents/workspace_mobile/SimpleRpcLib/target/classes/service/user/UserService.class]]
2017-06-03 16:28:50  [ main:292 ] - [ DEBUG ]  Loaded 6 bean definitions from location pattern [classpath:client.xml]
2017-06-03 16:28:50  [ main:295 ] - [ INFO ]  Refreshing org.springframework.context.support.GenericApplicationContext@34b7bfc0: startup date [Sat Jun 03 16:28:50 CST 2017]; root of context hierarchy
2017-06-03 16:28:50  [ main:295 ] - [ DEBUG ]  Bean factory for org.springframework.context.support.GenericApplicationContext@34b7bfc0: org.springframework.beans.factory.support.DefaultListableBeanFactory@23fe1d71: defining beans [org.springframework.context.annotation.internalConfigurationAnnotationProcessor,org.springframework.context.annotation.internalAutowiredAnnotationProcessor,org.springframework.context.annotation.internalRequiredAnnotationProcessor,org.springframework.context.annotation.internalCommonAnnotationProcessor,rpcDiscovery,rpcProxy]; root of factory hierarchy
2017-06-03 16:28:50  [ main:304 ] - [ DEBUG ]  Creating shared instance of singleton bean 'org.springframework.context.annotation.internalConfigurationAnnotationProcessor'
2017-06-03 16:28:50  [ main:305 ] - [ DEBUG ]  Creating instance of bean 'org.springframework.context.annotation.internalConfigurationAnnotationProcessor'
2017-06-03 16:28:50  [ main:315 ] - [ DEBUG ]  Eagerly caching bean 'org.springframework.context.annotation.internalConfigurationAnnotationProcessor' to allow for resolving potential circular references
2017-06-03 16:28:50  [ main:317 ] - [ DEBUG ]  Finished creating instance of bean 'org.springframework.context.annotation.internalConfigurationAnnotationProcessor'
2017-06-03 16:28:50  [ main:324 ] - [ DEBUG ]  Creating shared instance of singleton bean 'org.springframework.context.annotation.internalAutowiredAnnotationProcessor'
2017-06-03 16:28:50  [ main:324 ] - [ DEBUG ]  Creating instance of bean 'org.springframework.context.annotation.internalAutowiredAnnotationProcessor'
2017-06-03 16:28:50  [ main:325 ] - [ DEBUG ]  Eagerly caching bean 'org.springframework.context.annotation.internalAutowiredAnnotationProcessor' to allow for resolving potential circular references
2017-06-03 16:28:50  [ main:325 ] - [ DEBUG ]  Finished creating instance of bean 'org.springframework.context.annotation.internalAutowiredAnnotationProcessor'
2017-06-03 16:28:50  [ main:325 ] - [ DEBUG ]  Creating shared instance of singleton bean 'org.springframework.context.annotation.internalRequiredAnnotationProcessor'
2017-06-03 16:28:50  [ main:325 ] - [ DEBUG ]  Creating instance of bean 'org.springframework.context.annotation.internalRequiredAnnotationProcessor'
2017-06-03 16:28:50  [ main:326 ] - [ DEBUG ]  Eagerly caching bean 'org.springframework.context.annotation.internalRequiredAnnotationProcessor' to allow for resolving potential circular references
2017-06-03 16:28:50  [ main:326 ] - [ DEBUG ]  Finished creating instance of bean 'org.springframework.context.annotation.internalRequiredAnnotationProcessor'
2017-06-03 16:28:50  [ main:326 ] - [ DEBUG ]  Creating shared instance of singleton bean 'org.springframework.context.annotation.internalCommonAnnotationProcessor'
2017-06-03 16:28:50  [ main:326 ] - [ DEBUG ]  Creating instance of bean 'org.springframework.context.annotation.internalCommonAnnotationProcessor'
2017-06-03 16:28:50  [ main:329 ] - [ DEBUG ]  Eagerly caching bean 'org.springframework.context.annotation.internalCommonAnnotationProcessor' to allow for resolving potential circular references
2017-06-03 16:28:50  [ main:329 ] - [ DEBUG ]  Finished creating instance of bean 'org.springframework.context.annotation.internalCommonAnnotationProcessor'
2017-06-03 16:28:50  [ main:329 ] - [ DEBUG ]  Creating shared instance of singleton bean 'org.springframework.context.annotation.ConfigurationClassPostProcessor.importAwareProcessor'
2017-06-03 16:28:50  [ main:329 ] - [ DEBUG ]  Creating instance of bean 'org.springframework.context.annotation.ConfigurationClassPostProcessor.importAwareProcessor'
2017-06-03 16:28:50  [ main:329 ] - [ DEBUG ]  Eagerly caching bean 'org.springframework.context.annotation.ConfigurationClassPostProcessor.importAwareProcessor' to allow for resolving potential circular references
2017-06-03 16:28:50  [ main:329 ] - [ DEBUG ]  Finished creating instance of bean 'org.springframework.context.annotation.ConfigurationClassPostProcessor.importAwareProcessor'
2017-06-03 16:28:50  [ main:331 ] - [ DEBUG ]  Unable to locate MessageSource with name 'messageSource': using default [org.springframework.context.support.DelegatingMessageSource@1ee807c6]
2017-06-03 16:28:50  [ main:332 ] - [ DEBUG ]  Unable to locate ApplicationEventMulticaster with name 'applicationEventMulticaster': using default [org.springframework.context.event.SimpleApplicationEventMulticaster@290dbf45]
2017-06-03 16:28:50  [ main:333 ] - [ INFO ]  Pre-instantiating singletons in org.springframework.beans.factory.support.DefaultListableBeanFactory@23fe1d71: defining beans [org.springframework.context.annotation.internalConfigurationAnnotationProcessor,org.springframework.context.annotation.internalAutowiredAnnotationProcessor,org.springframework.context.annotation.internalRequiredAnnotationProcessor,org.springframework.context.annotation.internalCommonAnnotationProcessor,rpcDiscovery,rpcProxy,org.springframework.context.annotation.ConfigurationClassPostProcessor.importAwareProcessor]; root of factory hierarchy
2017-06-03 16:28:50  [ main:333 ] - [ DEBUG ]  Returning cached instance of singleton bean 'org.springframework.context.annotation.internalConfigurationAnnotationProcessor'
2017-06-03 16:28:50  [ main:333 ] - [ DEBUG ]  Returning cached instance of singleton bean 'org.springframework.context.annotation.internalAutowiredAnnotationProcessor'
2017-06-03 16:28:50  [ main:333 ] - [ DEBUG ]  Returning cached instance of singleton bean 'org.springframework.context.annotation.internalRequiredAnnotationProcessor'
2017-06-03 16:28:50  [ main:333 ] - [ DEBUG ]  Returning cached instance of singleton bean 'org.springframework.context.annotation.internalCommonAnnotationProcessor'
2017-06-03 16:28:50  [ main:333 ] - [ DEBUG ]  Creating shared instance of singleton bean 'rpcDiscovery'
2017-06-03 16:28:50  [ main:334 ] - [ DEBUG ]  Creating instance of bean 'rpcDiscovery'
2017-06-03 16:28:50  [ main:339 ] - [ DEBUG ]  Eagerly caching bean 'rpcDiscovery' to allow for resolving potential circular references
2017-06-03 16:28:50  [ main:358 ] - [ DEBUG ]  Invoking init method  'init' on bean with name 'rpcDiscovery'
2017-06-03 16:28:50  [ main:369 ] - [ INFO ]  Client environment:zookeeper.version=3.4.8--1, built on 02/06/2016 03:18 GMT
2017-06-03 16:28:50  [ main:369 ] - [ INFO ]  Client environment:host.name=192.168.1.101
2017-06-03 16:28:50  [ main:369 ] - [ INFO ]  Client environment:java.version=1.8.0_51
2017-06-03 16:28:50  [ main:369 ] - [ INFO ]  Client environment:java.vendor=Oracle Corporation
2017-06-03 16:28:50  [ main:370 ] - [ INFO ]  Client environment:java.home=/Library/Java/JavaVirtualMachines/jdk1.8.0_51.jdk/Contents/Home/jre
2017-06-03 16:28:50  [ main:370 ] - [ INFO ]  Client environment:java.class.path=/Users/liqqc/Documents/workspace_mobile/SimpleRpcClient/target/test-classes:/Users/liqqc/Documents/workspace_mobile/SimpleRpcClient/target/classes:/Users/liqqc/Downloads/Eclipse 2.app/Contents/Eclipse/plugins/org.junit_4.12.0.v201504281640/junit.jar:/Users/liqqc/Downloads/Eclipse 2.app/Contents/Eclipse/plugins/org.hamcrest.core_1.3.0.v201303031735.jar:/Users/liqqc/Documents/workspace_mobile/SimpleRpcLib/target/classes:/Users/liqqc/.m2/repository/org/slf4j/slf4j-log4j12/1.7.7/slf4j-log4j12-1.7.7.jar:/Users/liqqc/.m2/repository/org/slf4j/slf4j-api/1.7.7/slf4j-api-1.7.7.jar:/Users/liqqc/.m2/repository/log4j/log4j/1.2.17/log4j-1.2.17.jar:/Users/liqqc/.m2/repository/org/springframework/spring-context/3.2.12.RELEASE/spring-context-3.2.12.RELEASE.jar:/Users/liqqc/.m2/repository/org/springframework/spring-aop/3.2.12.RELEASE/spring-aop-3.2.12.RELEASE.jar:/Users/liqqc/.m2/repository/aopalliance/aopalliance/1.0/aopalliance-1.0.jar:/Users/liqqc/.m2/repository/org/springframework/spring-beans/3.2.12.RELEASE/spring-beans-3.2.12.RELEASE.jar:/Users/liqqc/.m2/repository/org/springframework/spring-expression/3.2.12.RELEASE/spring-expression-3.2.12.RELEASE.jar:/Users/liqqc/.m2/repository/io/netty/netty-all/4.0.24.Final/netty-all-4.0.24.Final.jar:/Users/liqqc/.m2/repository/com/dyuproject/protostuff/protostuff-core/1.0.8/protostuff-core-1.0.8.jar:/Users/liqqc/.m2/repository/com/dyuproject/protostuff/protostuff-api/1.0.8/protostuff-api-1.0.8.jar:/Users/liqqc/.m2/repository/com/dyuproject/protostuff/protostuff-runtime/1.0.8/protostuff-runtime-1.0.8.jar:/Users/liqqc/.m2/repository/com/dyuproject/protostuff/protostuff-collectionschema/1.0.8/protostuff-collectionschema-1.0.8.jar:/Users/liqqc/.m2/repository/org/apache/zookeeper/zookeeper/3.4.8/zookeeper-3.4.8.jar:/Users/liqqc/.m2/repository/jline/jline/0.9.94/jline-0.9.94.jar:/Users/liqqc/.m2/repository/io/netty/netty/3.7.0.Final/netty-3.7.0.Final.jar:/Users/liqqc/.m2/repository/org/apache/commons/commons-collections4/4.0/commons-collections4-4.0.jar:/Users/liqqc/.m2/repository/org/objenesis/objenesis/2.1/objenesis-2.1.jar:/Users/liqqc/.m2/repository/cglib/cglib/3.1/cglib-3.1.jar:/Users/liqqc/.m2/repository/org/ow2/asm/asm/4.2/asm-4.2.jar:/Users/liqqc/.m2/repository/com/fasterxml/jackson/core/jackson-databind/2.7.2/jackson-databind-2.7.2.jar:/Users/liqqc/.m2/repository/com/fasterxml/jackson/core/jackson-annotations/2.7.0/jackson-annotations-2.7.0.jar:/Users/liqqc/.m2/repository/com/fasterxml/jackson/core/jackson-core/2.7.2/jackson-core-2.7.2.jar:/Users/liqqc/.m2/repository/com/google/protobuf/protobuf-java/3.0.0/protobuf-java-3.0.0.jar:/Users/liqqc/.m2/repository/com/alibaba/fastjson/1.2.7/fastjson-1.2.7.jar:/Users/liqqc/.m2/repository/com/baidu/jprotobuf/1.8.5/jprotobuf-1.8.5.jar:/Users/liqqc/.m2/repository/com/squareup/protoparser/3.1.5/protoparser-3.1.5.jar:/Users/liqqc/.m2/repository/org/apache/commons/commons-math3/3.6.1/commons-math3-3.6.1.jar:/Users/liqqc/.m2/repository/org/springframework/spring-test/3.2.12.RELEASE/spring-test-3.2.12.RELEASE.jar:/Users/liqqc/.m2/repository/org/springframework/spring-core/3.2.12.RELEASE/spring-core-3.2.12.RELEASE.jar:/Users/liqqc/.m2/repository/commons-logging/commons-logging/1.1.3/commons-logging-1.1.3.jar:/Users/liqqc/Downloads/Eclipse 2.app/Contents/Eclipse/configuration/org.eclipse.osgi/380/0/.cp/:/Users/liqqc/Downloads/Eclipse 2.app/Contents/Eclipse/configuration/org.eclipse.osgi/379/0/.cp/
2017-06-03 16:28:50  [ main:370 ] - [ INFO ]  Client environment:java.library.path=/Users/liqqc/Library/Java/Extensions:/Library/Java/Extensions:/Network/Library/Java/Extensions:/System/Library/Java/Extensions:/usr/lib/java:.
2017-06-03 16:28:50  [ main:370 ] - [ INFO ]  Client environment:java.io.tmpdir=/var/folders/q2/bc40l5ln5dn1xnf8dn9v4p1w0000gn/T/
2017-06-03 16:28:50  [ main:370 ] - [ INFO ]  Client environment:java.compiler=<NA>
2017-06-03 16:28:50  [ main:370 ] - [ INFO ]  Client environment:os.name=Mac OS X
2017-06-03 16:28:50  [ main:370 ] - [ INFO ]  Client environment:os.arch=x86_64
2017-06-03 16:28:50  [ main:370 ] - [ INFO ]  Client environment:os.version=10.11.1
2017-06-03 16:28:50  [ main:370 ] - [ INFO ]  Client environment:user.name=liqqc
2017-06-03 16:28:50  [ main:370 ] - [ INFO ]  Client environment:user.home=/Users/liqqc
2017-06-03 16:28:50  [ main:370 ] - [ INFO ]  Client environment:user.dir=/Users/liqqc/Documents/workspace_mobile/SimpleRpcClient
2017-06-03 16:28:50  [ main:372 ] - [ INFO ]  Initiating client connection, connectString=127.0.0.1:2181 sessionTimeout=3000 watcher=service.discover.RpcDiscovery$1@8e0379d
2017-06-03 16:28:50  [ main:374 ] - [ DEBUG ]  zookeeper.disableAutoWatchReset is false
2017-06-03 16:28:50  [ main-SendThread(127.0.0.1:2181):389 ] - [ INFO ]  Opening socket connection to server 127.0.0.1/127.0.0.1:2181. Will not attempt to authenticate using SASL (unknown error)
2017-06-03 16:28:50  [ main-SendThread(127.0.0.1:2181):441 ] - [ INFO ]  Socket connection established to 127.0.0.1/127.0.0.1:2181, initiating session
2017-06-03 16:28:50  [ main-SendThread(127.0.0.1:2181):442 ] - [ DEBUG ]  Session establishment request sent on 127.0.0.1/127.0.0.1:2181
2017-06-03 16:28:50  [ main-SendThread(127.0.0.1:2181):449 ] - [ INFO ]  Session establishment complete on server 127.0.0.1/127.0.0.1:2181, sessionid = 0x15c69529dcb002d, negotiated timeout = 10000
2017-06-03 16:28:50  [ main-SendThread(127.0.0.1:2181):458 ] - [ DEBUG ]  Reading reply sessionid:0x15c69529dcb002d, packet:: clientPath:null serverPath:null finished:false header:: 1,8  replyHeader:: 1,684,0  request:: '/servers,T  response:: v{'0000000176} 
2017-06-03 16:28:50  [ main-SendThread(127.0.0.1:2181):461 ] - [ DEBUG ]  Reading reply sessionid:0x15c69529dcb002d, packet:: clientPath:null serverPath:null finished:false header:: 2,4  replyHeader:: 2,684,0  request:: '/servers/0000000176,F  response:: #3132372e302e302e313a32323033,s{682,682,1496478519112,1496478519112,0,0,0,98069095450869804,14,0,682} 
2017-06-03 16:28:50  [ main:461 ] - [ INFO ]  dataList : [127.0.0.1:2203]
2017-06-03 16:28:50  [ main:461 ] - [ DEBUG ]  Finished creating instance of bean 'rpcDiscovery'
2017-06-03 16:28:50  [ main:461 ] - [ DEBUG ]  Creating shared instance of singleton bean 'rpcProxy'
2017-06-03 16:28:50  [ main:461 ] - [ DEBUG ]  Creating instance of bean 'rpcProxy'
2017-06-03 16:28:50  [ main:462 ] - [ DEBUG ]  Eagerly caching bean 'rpcProxy' to allow for resolving potential circular references
2017-06-03 16:28:50  [ main:463 ] - [ DEBUG ]  Returning cached instance of singleton bean 'rpcDiscovery'
2017-06-03 16:28:50  [ main:464 ] - [ DEBUG ]  Finished creating instance of bean 'rpcProxy'
2017-06-03 16:28:50  [ main:464 ] - [ DEBUG ]  Returning cached instance of singleton bean 'org.springframework.context.annotation.ConfigurationClassPostProcessor.importAwareProcessor'
2017-06-03 16:28:50  [ main:465 ] - [ DEBUG ]  Unable to locate LifecycleProcessor with name 'lifecycleProcessor': using default [org.springframework.context.support.DefaultLifecycleProcessor@55a561cf]
2017-06-03 16:28:50  [ main:465 ] - [ DEBUG ]  Returning cached instance of singleton bean 'lifecycleProcessor'
2017-06-03 16:28:50  [ main:467 ] - [ DEBUG ]  Searching for key 'spring.liveBeansView.mbeanDomain' in [systemProperties]
2017-06-03 16:28:50  [ main:467 ] - [ DEBUG ]  Searching for key 'spring.liveBeansView.mbeanDomain' in [systemEnvironment]
2017-06-03 16:28:50  [ main:468 ] - [ DEBUG ]  Could not find key 'spring.liveBeansView.mbeanDomain' in any property source. Returning [null]
2017-06-03 16:28:50  [ main:468 ] - [ DEBUG ]  Storing ApplicationContext in cache under key [[MergedContextConfiguration@13969fbe testClass = Main, locations = '{classpath:client.xml}', classes = '{}', contextInitializerClasses = '[]', activeProfiles = '{}', contextLoader = 'org.springframework.test.context.support.DelegatingSmartContextLoader', parent = [null]]]
2017-06-03 16:28:50  [ main:468 ] - [ DEBUG ]  Spring test ApplicationContext cache statistics: [ContextCache@436a4e4b size = 1, hitCount = 0, missCount = 1, parentContextCount = 0]
2017-06-03 16:28:50  [ main:470 ] - [ DEBUG ]  Processing injected method of bean 'main.Main': AutowiredFieldElement for private service.proxy.RpcProxy main.Main.rpcProxy
2017-06-03 16:28:50  [ main:472 ] - [ DEBUG ]  Returning cached instance of singleton bean 'rpcProxy'
2017-06-03 16:28:50  [ main:472 ] - [ DEBUG ]  Autowiring by type from bean name 'main.Main' to bean named 'rpcProxy'
2017-06-03 16:28:50  [ main:482 ] - [ DEBUG ]  Using SLF4J as the default logging framework
2017-06-03 16:28:50  [ main:486 ] - [ DEBUG ]  java.nio.Buffer.address: available
2017-06-03 16:28:50  [ main:486 ] - [ DEBUG ]  sun.misc.Unsafe.theUnsafe: available
2017-06-03 16:28:50  [ main:487 ] - [ DEBUG ]  sun.misc.Unsafe.copyMemory: available
2017-06-03 16:28:50  [ main:487 ] - [ DEBUG ]  java.nio.Bits.unaligned: true
2017-06-03 16:28:50  [ main:496 ] - [ DEBUG ]  UID: 501
2017-06-03 16:28:50  [ main:496 ] - [ DEBUG ]  Java version: 8
2017-06-03 16:28:50  [ main:496 ] - [ DEBUG ]  -Dio.netty.noUnsafe: false
2017-06-03 16:28:50  [ main:496 ] - [ DEBUG ]  sun.misc.Unsafe: available
2017-06-03 16:28:50  [ main:496 ] - [ DEBUG ]  -Dio.netty.noJavassist: false
2017-06-03 16:28:50  [ main:497 ] - [ DEBUG ]  Javassist: unavailable
2017-06-03 16:28:50  [ main:497 ] - [ DEBUG ]  You don't have Javassist in your class path or you don't have enough permission to load dynamically generated classes.  Please check the configuration for better performance.
2017-06-03 16:28:50  [ main:497 ] - [ DEBUG ]  -Dio.netty.tmpdir: /var/folders/q2/bc40l5ln5dn1xnf8dn9v4p1w0000gn/T (java.io.tmpdir)
2017-06-03 16:28:50  [ main:497 ] - [ DEBUG ]  -Dio.netty.bitMode: 64 (sun.arch.data.model)
2017-06-03 16:28:50  [ main:497 ] - [ DEBUG ]  -Dio.netty.noPreferDirect: false
2017-06-03 16:28:50  [ main:500 ] - [ DEBUG ]  -Dio.netty.eventLoopThreads: 16
2017-06-03 16:28:50  [ main:511 ] - [ DEBUG ]  -Dio.netty.noKeySetOptimization: false
2017-06-03 16:28:50  [ main:512 ] - [ DEBUG ]  -Dio.netty.selectorAutoRebuildThreshold: 512
2017-06-03 16:28:50  [ main:527 ] - [ DEBUG ]  -Dio.netty.initialSeedUniquifier: 0xf0ffedbccef9863b (took 0 ms)
2017-06-03 16:28:50  [ main:544 ] - [ DEBUG ]  -Dio.netty.allocator.type: unpooled
2017-06-03 16:28:50  [ main:544 ] - [ DEBUG ]  -Dio.netty.threadLocalDirectBufferSize: 65536
2017-06-03 16:28:50  [ main:557 ] - [ DEBUG ]  -Dio.netty.recycler.maxCapacity.default: 262144
2017-06-03 16:28:50  [ nioEventLoopGroup-2-1:562 ] - [ DEBUG ]  -Dio.netty.leakDetectionLevel: simple
2017-06-03 16:28:52  [ nioEventLoopGroup-2-1:1848 ] - [ DEBUG ]  java.nio.ByteBuffer.cleaner(): available
2017-06-03 16:28:53  [ main:3104 ] - [ INFO ]  I am test rpc ......
2017-06-03 16:28:53  [ main:3105 ] - [ DEBUG ]  After test method: context [[TestContext@22f71333 testClass = Main, testInstance = main.Main@6cd8737, testMethod = test@Main, testException = [null], mergedContextConfiguration = [MergedContextConfiguration@13969fbe testClass = Main, locations = '{classpath:client.xml}', classes = '{}', contextInitializerClasses = '[]', activeProfiles = '{}', contextLoader = 'org.springframework.test.context.support.DelegatingSmartContextLoader', parent = [null]]]], class dirties context [false], class mode [null], method dirties context [false].
2017-06-03 16:28:53  [ main:3105 ] - [ DEBUG ]  After test class: context [[TestContext@22f71333 testClass = Main, testInstance = [null], testMethod = [null], testException = [null], mergedContextConfiguration = [MergedContextConfiguration@13969fbe testClass = Main, locations = '{classpath:client.xml}', classes = '{}', contextInitializerClasses = '[]', activeProfiles = '{}', contextLoader = 'org.springframework.test.context.support.DelegatingSmartContextLoader', parent = [null]]]], dirtiesContext [false].
2017-06-03 16:28:53  [ Thread-0:3107 ] - [ INFO ]  Closing org.springframework.context.support.GenericApplicationContext@34b7bfc0: startup date [Sat Jun 03 16:28:50 CST 2017]; root of context hierarchy
2017-06-03 16:28:53  [ Thread-0:3107 ] - [ DEBUG ]  Returning cached instance of singleton bean 'lifecycleProcessor'
2017-06-03 16:28:53  [ Thread-0:3107 ] - [ INFO ]  Destroying singletons in org.springframework.beans.factory.support.DefaultListableBeanFactory@23fe1d71: defining beans [org.springframework.context.annotation.internalConfigurationAnnotationProcessor,org.springframework.context.annotation.internalAutowiredAnnotationProcessor,org.springframework.context.annotation.internalRequiredAnnotationProcessor,org.springframework.context.annotation.internalCommonAnnotationProcessor,rpcDiscovery,rpcProxy,org.springframework.context.annotation.ConfigurationClassPostProcessor.importAwareProcessor]; root of factory hierarchy
2017-06-03 16:28:53  [ Thread-0:3107 ] - [ DEBUG ]  Retrieved dependent beans for bean 'rpcProxy': [main.Main]
